2024-02-02T08:21:41.685433+00:00 WARNING 'ansible_navigator.run' Dirty exit, killing the pid
2024-02-02T08:23:37.537935+00:00 CRITICAL 'ansible_navigator.actions.run_playbook._handle_message' Unhandled message from runner queue, discarded: {'event': 'verbose', 'uuid': '28794597-11a2-4df9-9cb8-b62fb1671870', 'counter': 1, 'stdout': '', 'start_line': 0, 'end_line': 1, 'runner_ident': '4760d327-d7b6-49cc-9c51-6d3fa0cca656', 'created': '2024-02-02T08:23:37.532681'}
2024-02-02T08:23:37.538444+00:00 CRITICAL 'ansible_navigator.actions.run_playbook._handle_message' Unhandled message from runner queue, discarded: {'event': 'verbose', 'uuid': 'cb5d007d-adf0-4872-b4e2-0adda4b8eeb4', 'counter': 2, 'stdout': 'playbook: /home/student/ansible_examples/ansible_variables_fromFiles/playbook.yaml', 'start_line': 1, 'end_line': 2, 'runner_ident': '4760d327-d7b6-49cc-9c51-6d3fa0cca656', 'created': '2024-02-02T08:23:37.532840'}
2024-02-02T08:23:56.040065+00:00 CRITICAL 'ansible_navigator.actions.run_49c9._handle_message' Unhandled message from runner queue, discarded: {'event': 'verbose', 'uuid': 'f5cd6b9c-3217-41ee-95a8-31917936cade', 'counter': 1, 'stdout': '', 'start_line': 0, 'end_line': 1, 'runner_ident': 'ba0e7e36-0131-4c74-9484-5dfd0e9bd278', 'created': '2024-02-02T08:23:56.039817'}
2024-02-02T08:23:56.041052+00:00 CRITICAL 'ansible_navigator.actions.run_49c9._handle_message' Unhandled message from runner queue, discarded: {'event': 'verbose', 'uuid': 'f7431c03-607c-4ecf-9bf0-a6df21d6669f', 'counter': 2, 'stdout': 'playbook: /home/student/ansible_examples/ansible_variables_fromFiles/playbook.yaml', 'start_line': 1, 'end_line': 2, 'runner_ident': 'ba0e7e36-0131-4c74-9484-5dfd0e9bd278', 'created': '2024-02-02T08:23:56.040362'}
2024-02-02T09:19:18.091832+00:00 INFO 'ansible_navigator.setup_logger' New ansible-navigator instance, logging initialized
2024-02-02T09:19:18.092103+00:00 INFO 'ansible_navigator.setup_logger' New ansible-runner instance, logging initialized
2024-02-02T09:19:18.092152+00:00 DEBUG 'ansible_navigator.main' Jinja2==3.1.3 
2024-02-02T09:19:18.092183+00:00 DEBUG 'ansible_navigator.main' MarkupSafe==2.1.4 
2024-02-02T09:19:18.092212+00:00 DEBUG 'ansible_navigator.main' Parsley==1.3 
2024-02-02T09:19:18.092237+00:00 DEBUG 'ansible_navigator.main' PyYAML==6.0.1 
2024-02-02T09:19:18.092260+00:00 DEBUG 'ansible_navigator.main' Pygments==2.17.2 
2024-02-02T09:19:18.092291+00:00 DEBUG 'ansible_navigator.main' ansible-builder==3.0.0 
2024-02-02T09:19:18.092332+00:00 DEBUG 'ansible_navigator.main' ansible-compat==4.1.11 
2024-02-02T09:19:18.092362+00:00 DEBUG 'ansible_navigator.main' ansible-core==2.16.3 
2024-02-02T09:19:18.092384+00:00 DEBUG 'ansible_navigator.main' ansible-lint==6.22.2 
2024-02-02T09:19:18.092404+00:00 DEBUG 'ansible_navigator.main' ansible-navigator==3.6.0 
2024-02-02T09:19:18.092422+00:00 DEBUG 'ansible_navigator.main' ansible-runner==2.3.4 
2024-02-02T09:19:18.092440+00:00 DEBUG 'ansible_navigator.main' attrs==23.2.0 /home/student/.local/lib/python3.11/site-packages/attrs/__init__.py
2024-02-02T09:19:18.092458+00:00 DEBUG 'ansible_navigator.main' bindep==2.11.0 /home/student/.local/lib/python3.11/site-packages/bindep/__init__.py
2024-02-02T09:19:18.092496+00:00 DEBUG 'ansible_navigator.main' black==24.1.1 /home/student/.local/lib/python3.11/site-packages/black/__init__.cpython-311-x86_64-linux-gnu.so
2024-02-02T09:19:18.092534+00:00 DEBUG 'ansible_navigator.main' bracex==2.4 /home/student/.local/lib/python3.11/site-packages/bracex/__init__.py
2024-02-02T09:19:18.092555+00:00 DEBUG 'ansible_navigator.main' cffi==1.16.0 /home/student/.local/lib/python3.11/site-packages/cffi/__init__.py
2024-02-02T09:19:18.092572+00:00 DEBUG 'ansible_navigator.main' click==8.1.7 /home/student/.local/lib/python3.11/site-packages/click/__init__.py
2024-02-02T09:19:18.092598+00:00 DEBUG 'ansible_navigator.main' cryptography==42.0.2 /home/student/.local/lib/python3.11/site-packages/cryptography/__init__.py
2024-02-02T09:19:18.092623+00:00 DEBUG 'ansible_navigator.main' distro==1.9.0 /home/student/.local/lib/python3.11/site-packages/distro/__init__.py
2024-02-02T09:19:18.092652+00:00 DEBUG 'ansible_navigator.main' docutils==0.20.1 /home/student/.local/lib/python3.11/site-packages/docutils/__init__.py
2024-02-02T09:19:18.092672+00:00 DEBUG 'ansible_navigator.main' filelock==3.13.1 /home/student/.local/lib/python3.11/site-packages/filelock/__init__.py
2024-02-02T09:19:18.092699+00:00 DEBUG 'ansible_navigator.main' jsonschema-specifications==2023.12.1 
2024-02-02T09:19:18.092718+00:00 DEBUG 'ansible_navigator.main' jsonschema==4.21.1 /home/student/.local/lib/python3.11/site-packages/jsonschema/__init__.py
2024-02-02T09:19:18.092734+00:00 DEBUG 'ansible_navigator.main' lockfile==0.12.2 /home/student/.local/lib/python3.11/site-packages/lockfile/__init__.py
2024-02-02T09:19:18.092751+00:00 DEBUG 'ansible_navigator.main' markdown-it-py==3.0.0 
2024-02-02T09:19:18.092777+00:00 DEBUG 'ansible_navigator.main' mdurl==0.1.2 /home/student/.local/lib/python3.11/site-packages/mdurl/__init__.py
2024-02-02T09:19:18.092797+00:00 DEBUG 'ansible_navigator.main' mypy-extensions==1.0.0 
2024-02-02T09:19:18.092813+00:00 DEBUG 'ansible_navigator.main' onigurumacffi==1.3.0 /home/student/.local/lib/python3.11/site-packages/onigurumacffi.py
2024-02-02T09:19:18.092830+00:00 DEBUG 'ansible_navigator.main' packaging==23.2 /home/student/.local/lib/python3.11/site-packages/packaging/__init__.py
2024-02-02T09:19:18.092850+00:00 DEBUG 'ansible_navigator.main' pathspec==0.12.1 /home/student/.local/lib/python3.11/site-packages/pathspec/__init__.py
2024-02-02T09:19:18.092875+00:00 DEBUG 'ansible_navigator.main' pbr==6.0.0 /home/student/.local/lib/python3.11/site-packages/pbr/__init__.py
2024-02-02T09:19:18.092892+00:00 DEBUG 'ansible_navigator.main' pexpect==4.9.0 /home/student/.local/lib/python3.11/site-packages/pexpect/__init__.py
2024-02-02T09:19:18.092911+00:00 DEBUG 'ansible_navigator.main' pip==22.3.1 /usr/lib/python3.11/site-packages/pip/__init__.py
2024-02-02T09:19:18.092930+00:00 DEBUG 'ansible_navigator.main' platformdirs==4.2.0 /home/student/.local/lib/python3.11/site-packages/platformdirs/__init__.py
2024-02-02T09:19:18.092956+00:00 DEBUG 'ansible_navigator.main' ptyprocess==0.7.0 /home/student/.local/lib/python3.11/site-packages/ptyprocess/__init__.py
2024-02-02T09:19:18.092973+00:00 DEBUG 'ansible_navigator.main' pycparser==2.21 /home/student/.local/lib/python3.11/site-packages/pycparser/__init__.py
2024-02-02T09:19:18.092990+00:00 DEBUG 'ansible_navigator.main' python-daemon==3.0.1 
2024-02-02T09:19:18.093006+00:00 DEBUG 'ansible_navigator.main' referencing==0.33.0 /home/student/.local/lib/python3.11/site-packages/referencing/__init__.py
2024-02-02T09:19:18.093031+00:00 DEBUG 'ansible_navigator.main' requirements-parser==0.5.0 
2024-02-02T09:19:18.093051+00:00 DEBUG 'ansible_navigator.main' resolvelib==1.0.1 /home/student/.local/lib/python3.11/site-packages/resolvelib/__init__.py
2024-02-02T09:19:18.093068+00:00 DEBUG 'ansible_navigator.main' rich==13.7.0 /home/student/.local/lib/python3.11/site-packages/rich/__init__.py
2024-02-02T09:19:18.093084+00:00 DEBUG 'ansible_navigator.main' rpds-py==0.17.1 
2024-02-02T09:19:18.093104+00:00 DEBUG 'ansible_navigator.main' ruamel.yaml.clib==0.2.8 
2024-02-02T09:19:18.093129+00:00 DEBUG 'ansible_navigator.main' ruamel.yaml==0.18.5 /home/student/.local/lib/python3.11/site-packages/ruamel/yaml/__init__.py
2024-02-02T09:19:18.093146+00:00 DEBUG 'ansible_navigator.main' setuptools==65.5.1 /usr/lib/python3.11/site-packages/setuptools/__init__.py
2024-02-02T09:19:18.093162+00:00 DEBUG 'ansible_navigator.main' six==1.16.0 /home/student/.local/lib/python3.11/site-packages/six.py
2024-02-02T09:19:18.093177+00:00 DEBUG 'ansible_navigator.main' subprocess-tee==0.4.1 
2024-02-02T09:19:18.093203+00:00 DEBUG 'ansible_navigator.main' types-setuptools==69.0.0.20240125 
2024-02-02T09:19:18.093221+00:00 DEBUG 'ansible_navigator.main' tzdata==2023.4 /home/student/.local/lib/python3.11/site-packages/tzdata/__init__.py
2024-02-02T09:19:18.093237+00:00 DEBUG 'ansible_navigator.main' wcmatch==8.5 /home/student/.local/lib/python3.11/site-packages/wcmatch/__init__.py
2024-02-02T09:19:18.093256+00:00 DEBUG 'ansible_navigator.main' yamllint==1.33.0 /home/student/.local/lib/python3.11/site-packages/yamllint/__init__.py
2024-02-02T09:19:18.093277+00:00 DEBUG 'ansible_navigator.main' Default collection_doc_cache_path set to: /home/student/.cache/ansible-navigator/collection_doc_cache.db
2024-02-02T09:19:18.093300+00:00 DEBUG 'ansible_navigator.main' EDITOR environment variable not set
2024-02-02T09:19:18.093317+00:00 DEBUG 'ansible_navigator.main' Default editor_command set to: vi +{line_number} {filename}
2024-02-02T09:19:18.093333+00:00 DEBUG 'ansible_navigator.main' No config file set by ANSIBLE_NAVIGATOR_CONFIG
2024-02-02T09:19:18.093350+00:00 DEBUG 'ansible_navigator.main' Looking in /home/student
2024-02-02T09:19:18.093377+00:00 DEBUG 'ansible_navigator.main' Looking for '/home/student/.ansible-navigator.yml', '/home/student/.ansible-navigator.yaml' and '/home/student/.ansible-navigator.json'
2024-02-02T09:19:18.093404+00:00 DEBUG 'ansible_navigator.main' Found 0: 
2024-02-02T09:19:18.093430+00:00 DEBUG 'ansible_navigator.main' Looking in /home/student/ansible_examples/ansible_variables_fromFiles
2024-02-02T09:19:18.093457+00:00 DEBUG 'ansible_navigator.main' Looking for '/home/student/ansible_examples/ansible_variables_fromFiles/ansible-navigator.yml', '/home/student/ansible_examples/ansible_variables_fromFiles/ansible-navigator.yaml' and '/home/student/ansible_examples/ansible_variables_fromFiles/ansible-navigator.json'
2024-02-02T09:19:18.093503+00:00 DEBUG 'ansible_navigator.main' Found 1: '/home/student/ansible_examples/ansible_variables_fromFiles/ansible-navigator.yml'
2024-02-02T09:19:18.093533+00:00 DEBUG 'ansible_navigator.main' All found 1: '/home/student/ansible_examples/ansible_variables_fromFiles/ansible-navigator.yml'
2024-02-02T09:19:18.093562+00:00 DEBUG 'ansible_navigator.main' Using: /home/student/ansible_examples/ansible_variables_fromFiles/ansible-navigator.yml
2024-02-02T09:19:18.093595+00:00 DEBUG 'ansible_navigator.main' Using settings file at /home/student/ansible_examples/ansible_variables_fromFiles/ansible-navigator.yml in search path
2024-02-02T09:19:18.093626+00:00 DEBUG 'ansible_navigator.main' Command provided: 'run playbook.yaml'
2024-02-02T09:19:18.093652+00:00 WARNING 'ansible_navigator.main' Configuration errors encountered, rolling back to previous configuration.
2024-02-02T09:19:18.093671+00:00 DEBUG 'ansible_navigator.main' Prior to rollback: ansible_runner_artifact_dir = 'Not set' (Constants/Not set)
2024-02-02T09:19:18.093691+00:00 DEBUG 'ansible_navigator.main' Prior to rollback: ansible_runner_rotate_artifacts_count = 'Not set' (Constants/Not set)
2024-02-02T09:19:18.093718+00:00 DEBUG 'ansible_navigator.main' Prior to rollback: ansible_runner_timeout = 'Not set' (Constants/Not set)
2024-02-02T09:19:18.093737+00:00 DEBUG 'ansible_navigator.main' Prior to rollback: ansible_runner_write_job_events = 'False' (bool/Defaults)
2024-02-02T09:19:18.093754+00:00 DEBUG 'ansible_navigator.main' Prior to rollback: app = 'run' (str/Command line)
2024-02-02T09:19:18.093771+00:00 DEBUG 'ansible_navigator.main' Prior to rollback: cmdline = 'Not set' (Constants/Not set)
2024-02-02T09:19:18.093788+00:00 DEBUG 'ansible_navigator.main' Prior to rollback: collection_doc_cache_path = '/home/student/.cache/ansible-navigator/collection_doc_cache.db' (str/Defaults)
2024-02-02T09:19:18.093805+00:00 DEBUG 'ansible_navigator.main' Prior to rollback: config = 'Not set' (Constants/Not set)
2024-02-02T09:19:18.093821+00:00 DEBUG 'ansible_navigator.main' Prior to rollback: container_engine = 'auto' (str/Defaults)
2024-02-02T09:19:18.093837+00:00 DEBUG 'ansible_navigator.main' Prior to rollback: container_options = 'Not set' (Constants/Not set)
2024-02-02T09:19:18.093853+00:00 DEBUG 'ansible_navigator.main' Prior to rollback: display_color = 'True' (bool/Defaults)
2024-02-02T09:19:18.093869+00:00 DEBUG 'ansible_navigator.main' Prior to rollback: editor_command = 'vi +{line_number} {filename}' (str/Defaults)
2024-02-02T09:19:18.093884+00:00 DEBUG 'ansible_navigator.main' Prior to rollback: editor_console = 'True' (bool/Defaults)
2024-02-02T09:19:18.093905+00:00 DEBUG 'ansible_navigator.main' Prior to rollback: enable_prompts = 'False' (bool/Defaults)
2024-02-02T09:19:18.093920+00:00 DEBUG 'ansible_navigator.main' Prior to rollback: exec_command = '/bin/bash' (str/Defaults)
2024-02-02T09:19:18.093936+00:00 DEBUG 'ansible_navigator.main' Prior to rollback: exec_shell = 'True' (bool/Defaults)
2024-02-02T09:19:18.093951+00:00 DEBUG 'ansible_navigator.main' Prior to rollback: execution_environment = 'True' (bool/Defaults)
2024-02-02T09:19:18.093966+00:00 DEBUG 'ansible_navigator.main' Prior to rollback: execution_environment_image = 'ghcr.io/ansible/creator-ee:v0.21.0' (str/Defaults)
2024-02-02T09:19:18.093982+00:00 DEBUG 'ansible_navigator.main' Prior to rollback: execution_environment_volume_mounts = 'Not set' (Constants/Not set)
2024-02-02T09:19:18.093997+00:00 DEBUG 'ansible_navigator.main' Prior to rollback: format = 'yaml' (str/Defaults)
2024-02-02T09:19:18.094012+00:00 DEBUG 'ansible_navigator.main' Prior to rollback: help_builder = 'False' (bool/Defaults)
2024-02-02T09:19:18.094028+00:00 DEBUG 'ansible_navigator.main' Prior to rollback: help_config = 'False' (bool/Defaults)
2024-02-02T09:19:18.094043+00:00 DEBUG 'ansible_navigator.main' Prior to rollback: help_doc = 'False' (bool/Defaults)
2024-02-02T09:19:18.094059+00:00 DEBUG 'ansible_navigator.main' Prior to rollback: help_inventory = 'False' (bool/Defaults)
2024-02-02T09:19:18.094074+00:00 DEBUG 'ansible_navigator.main' Prior to rollback: help_playbook = 'False' (bool/Defaults)
2024-02-02T09:19:18.094089+00:00 DEBUG 'ansible_navigator.main' Prior to rollback: images_details = '['everything']' (list/Defaults)
2024-02-02T09:19:18.094104+00:00 DEBUG 'ansible_navigator.main' Prior to rollback: inventory = 'Not set' (Constants/Not set)
2024-02-02T09:19:18.094119+00:00 DEBUG 'ansible_navigator.main' Prior to rollback: inventory_column = 'Not set' (Constants/Not set)
2024-02-02T09:19:18.094135+00:00 DEBUG 'ansible_navigator.main' Prior to rollback: lint_config = 'Not set' (Constants/Not set)
2024-02-02T09:19:18.094150+00:00 DEBUG 'ansible_navigator.main' Prior to rollback: lintables = 'Not set' (Constants/Not set)
2024-02-02T09:19:18.094166+00:00 DEBUG 'ansible_navigator.main' Prior to rollback: log_append = 'True' (bool/Defaults)
2024-02-02T09:19:18.094182+00:00 DEBUG 'ansible_navigator.main' Prior to rollback: log_file = '/home/student/ansible_examples/ansible_variables_fromFiles/ansible-navigator.log' (str/Defaults)
2024-02-02T09:19:18.094198+00:00 DEBUG 'ansible_navigator.main' Prior to rollback: log_level = 'warning' (str/Defaults)
2024-02-02T09:19:18.094213+00:00 DEBUG 'ansible_navigator.main' Prior to rollback: mode = 'interactive' (str/Defaults)
2024-02-02T09:19:18.094229+00:00 DEBUG 'ansible_navigator.main' Prior to rollback: osc4 = 'True' (bool/Defaults)
2024-02-02T09:19:18.094244+00:00 DEBUG 'ansible_navigator.main' Prior to rollback: pass_environment_variable = 'Not set' (Constants/Not set)
2024-02-02T09:19:18.094260+00:00 DEBUG 'ansible_navigator.main' Prior to rollback: playbook = 'playbook.yaml' (str/Command line)
2024-02-02T09:19:18.094275+00:00 DEBUG 'ansible_navigator.main' Prior to rollback: playbook_artifact_enable = 'True' (bool/Defaults)
2024-02-02T09:19:18.094290+00:00 DEBUG 'ansible_navigator.main' Prior to rollback: playbook_artifact_replay = 'Not set' (Constants/Not set)
2024-02-02T09:19:18.094306+00:00 DEBUG 'ansible_navigator.main' Prior to rollback: playbook_artifact_save_as = '{playbook_dir}/{playbook_name}-artifact-{time_stamp}.json' (str/Defaults)
2024-02-02T09:19:18.094321+00:00 DEBUG 'ansible_navigator.main' Prior to rollback: plugin_name = 'Not set' (Constants/Not set)
2024-02-02T09:19:18.094337+00:00 DEBUG 'ansible_navigator.main' Prior to rollback: plugin_type = 'module' (str/Defaults)
2024-02-02T09:19:18.094352+00:00 DEBUG 'ansible_navigator.main' Prior to rollback: pull_arguments = 'Not set' (Constants/Not set)
2024-02-02T09:19:18.094368+00:00 DEBUG 'ansible_navigator.main' Prior to rollback: pull_policy = 'tag' (str/Defaults)
2024-02-02T09:19:18.094385+00:00 DEBUG 'ansible_navigator.main' Prior to rollback: set_environment_variable = 'Not set' (Constants/Not set)
2024-02-02T09:19:18.094401+00:00 DEBUG 'ansible_navigator.main' Prior to rollback: settings_effective = 'False' (bool/Defaults)
2024-02-02T09:19:18.094416+00:00 DEBUG 'ansible_navigator.main' Prior to rollback: settings_sample = 'False' (bool/Defaults)
2024-02-02T09:19:18.094431+00:00 DEBUG 'ansible_navigator.main' Prior to rollback: settings_schema = 'json' (str/Defaults)
2024-02-02T09:19:18.094446+00:00 DEBUG 'ansible_navigator.main' Prior to rollback: settings_sources = 'False' (bool/Defaults)
2024-02-02T09:19:18.094461+00:00 DEBUG 'ansible_navigator.main' Prior to rollback: time_zone = 'UTC' (str/Defaults)
2024-02-02T09:19:18.094488+00:00 DEBUG 'ansible_navigator.main' Prior to rollback: workdir = '/home/student/ansible_examples/ansible_variables_fromFiles' (str/Defaults)
2024-02-02T09:19:18.094508+00:00 DEBUG 'ansible_navigator.main' After rollback: ansible_runner_artifact_dir = 'Not set' (Constants/Not set)
2024-02-02T09:19:18.094524+00:00 DEBUG 'ansible_navigator.main' After rollback: ansible_runner_rotate_artifacts_count = 'Not set' (Constants/Not set)
2024-02-02T09:19:18.094540+00:00 DEBUG 'ansible_navigator.main' After rollback: ansible_runner_timeout = 'Not set' (Constants/Not set)
2024-02-02T09:19:18.094556+00:00 DEBUG 'ansible_navigator.main' After rollback: ansible_runner_write_job_events = 'Not set' (Constants/Not set)
2024-02-02T09:19:18.094572+00:00 DEBUG 'ansible_navigator.main' After rollback: app = 'Not set' (Constants/Not set)
2024-02-02T09:19:18.094587+00:00 DEBUG 'ansible_navigator.main' After rollback: cmdline = 'Not set' (Constants/Not set)
2024-02-02T09:19:18.094609+00:00 DEBUG 'ansible_navigator.main' After rollback: collection_doc_cache_path = 'Not set' (Constants/Not set)
2024-02-02T09:19:18.094626+00:00 DEBUG 'ansible_navigator.main' After rollback: config = 'Not set' (Constants/Not set)
2024-02-02T09:19:18.094643+00:00 DEBUG 'ansible_navigator.main' After rollback: container_engine = 'Not set' (Constants/Not set)
2024-02-02T09:19:18.094661+00:00 DEBUG 'ansible_navigator.main' After rollback: container_options = 'Not set' (Constants/Not set)
2024-02-02T09:19:18.094678+00:00 DEBUG 'ansible_navigator.main' After rollback: display_color = 'Not set' (Constants/Not set)
2024-02-02T09:19:18.094697+00:00 DEBUG 'ansible_navigator.main' After rollback: editor_command = 'Not set' (Constants/Not set)
2024-02-02T09:19:18.094724+00:00 DEBUG 'ansible_navigator.main' After rollback: editor_console = 'Not set' (Constants/Not set)
2024-02-02T09:19:18.094743+00:00 DEBUG 'ansible_navigator.main' After rollback: enable_prompts = 'Not set' (Constants/Not set)
2024-02-02T09:19:18.094759+00:00 DEBUG 'ansible_navigator.main' After rollback: exec_command = 'Not set' (Constants/Not set)
2024-02-02T09:19:18.094774+00:00 DEBUG 'ansible_navigator.main' After rollback: exec_shell = 'Not set' (Constants/Not set)
2024-02-02T09:19:18.094790+00:00 DEBUG 'ansible_navigator.main' After rollback: execution_environment = 'Not set' (Constants/Not set)
2024-02-02T09:19:18.094806+00:00 DEBUG 'ansible_navigator.main' After rollback: execution_environment_image = 'Not set' (Constants/Not set)
2024-02-02T09:19:18.094821+00:00 DEBUG 'ansible_navigator.main' After rollback: execution_environment_volume_mounts = 'Not set' (Constants/Not set)
2024-02-02T09:19:18.094836+00:00 DEBUG 'ansible_navigator.main' After rollback: format = 'Not set' (Constants/Not set)
2024-02-02T09:19:18.094852+00:00 DEBUG 'ansible_navigator.main' After rollback: help_builder = 'Not set' (Constants/Not set)
2024-02-02T09:19:18.094867+00:00 DEBUG 'ansible_navigator.main' After rollback: help_config = 'Not set' (Constants/Not set)
2024-02-02T09:19:18.094883+00:00 DEBUG 'ansible_navigator.main' After rollback: help_doc = 'Not set' (Constants/Not set)
2024-02-02T09:19:18.094899+00:00 DEBUG 'ansible_navigator.main' After rollback: help_inventory = 'Not set' (Constants/Not set)
2024-02-02T09:19:18.094916+00:00 DEBUG 'ansible_navigator.main' After rollback: help_playbook = 'Not set' (Constants/Not set)
2024-02-02T09:19:18.094934+00:00 DEBUG 'ansible_navigator.main' After rollback: images_details = 'Not set' (Constants/Not set)
2024-02-02T09:19:18.094950+00:00 DEBUG 'ansible_navigator.main' After rollback: inventory = 'Not set' (Constants/Not set)
2024-02-02T09:19:18.094965+00:00 DEBUG 'ansible_navigator.main' After rollback: inventory_column = 'Not set' (Constants/Not set)
2024-02-02T09:19:18.094981+00:00 DEBUG 'ansible_navigator.main' After rollback: lint_config = 'Not set' (Constants/Not set)
2024-02-02T09:19:18.094996+00:00 DEBUG 'ansible_navigator.main' After rollback: lintables = 'Not set' (Constants/Not set)
2024-02-02T09:19:18.095011+00:00 DEBUG 'ansible_navigator.main' After rollback: log_append = 'Not set' (Constants/Not set)
2024-02-02T09:19:18.095027+00:00 DEBUG 'ansible_navigator.main' After rollback: log_file = 'Not set' (Constants/Not set)
2024-02-02T09:19:18.095043+00:00 DEBUG 'ansible_navigator.main' After rollback: log_level = 'Not set' (Constants/Not set)
2024-02-02T09:19:18.095058+00:00 DEBUG 'ansible_navigator.main' After rollback: mode = 'Not set' (Constants/Not set)
2024-02-02T09:19:18.095073+00:00 DEBUG 'ansible_navigator.main' After rollback: osc4 = 'Not set' (Constants/Not set)
2024-02-02T09:19:18.095089+00:00 DEBUG 'ansible_navigator.main' After rollback: pass_environment_variable = 'Not set' (Constants/Not set)
2024-02-02T09:19:18.095105+00:00 DEBUG 'ansible_navigator.main' After rollback: playbook = 'Not set' (Constants/Not set)
2024-02-02T09:19:18.095120+00:00 DEBUG 'ansible_navigator.main' After rollback: playbook_artifact_enable = 'Not set' (Constants/Not set)
2024-02-02T09:19:18.095135+00:00 DEBUG 'ansible_navigator.main' After rollback: playbook_artifact_replay = 'Not set' (Constants/Not set)
2024-02-02T09:19:18.095151+00:00 DEBUG 'ansible_navigator.main' After rollback: playbook_artifact_save_as = 'Not set' (Constants/Not set)
2024-02-02T09:19:18.095166+00:00 DEBUG 'ansible_navigator.main' After rollback: plugin_name = 'Not set' (Constants/Not set)
2024-02-02T09:19:18.095181+00:00 DEBUG 'ansible_navigator.main' After rollback: plugin_type = 'Not set' (Constants/Not set)
2024-02-02T09:19:18.095197+00:00 DEBUG 'ansible_navigator.main' After rollback: pull_arguments = 'Not set' (Constants/Not set)
2024-02-02T09:19:18.095212+00:00 DEBUG 'ansible_navigator.main' After rollback: pull_policy = 'Not set' (Constants/Not set)
2024-02-02T09:19:18.095227+00:00 DEBUG 'ansible_navigator.main' After rollback: set_environment_variable = 'Not set' (Constants/Not set)
2024-02-02T09:19:18.095243+00:00 DEBUG 'ansible_navigator.main' After rollback: settings_effective = 'Not set' (Constants/Not set)
2024-02-02T09:19:18.095258+00:00 DEBUG 'ansible_navigator.main' After rollback: settings_sample = 'Not set' (Constants/Not set)
2024-02-02T09:19:18.095273+00:00 DEBUG 'ansible_navigator.main' After rollback: settings_schema = 'Not set' (Constants/Not set)
2024-02-02T09:19:18.095289+00:00 DEBUG 'ansible_navigator.main' After rollback: settings_sources = 'Not set' (Constants/Not set)
2024-02-02T09:19:18.095304+00:00 DEBUG 'ansible_navigator.main' After rollback: time_zone = 'Not set' (Constants/Not set)
2024-02-02T09:19:18.095319+00:00 DEBUG 'ansible_navigator.main' After rollback: workdir = 'Not set' (Constants/Not set)
2024-02-02T09:19:18.095335+00:00 DEBUG 'ansible_navigator.main' Configuration rollback complete.
2024-02-02T09:19:18.095350+00:00 DEBUG 'ansible_navigator.main' Collection doc cache not mounted
2024-02-02T09:19:18.095377+00:00 WARNING 'ansible_navigator.main' Issues were found while applying the settings.
2024-02-02T09:19:18.095398+00:00 INFO 'ansible_navigator.main' Command provided: 'run playbook.yaml'
2024-02-02T09:19:18.095421+00:00 ERROR 'ansible_navigator.main' The following errors were found in the settings file (/home/student/ansible_examples/ansible_variables_fromFiles/ansible-navigator.yml):
2024-02-02T09:19:18.095442+00:00 ERROR 'ansible_navigator.main' In '': [{'choices': [], 'cli_parameters': {'long': '--ansible-runner-artifact-dir', 'short': '--rad'}, 'current_settings_file': 'None', 'current_value': 'Not set', 'default': True, 'default_value': 'Not set', 'description': 'The directory path to store artifacts generated by ansible-runner', 'env_var': 'ANSIBLE_NAVIGATOR_ANSIBLE_RUNNER_ARTIFACT_DIR', 'name': 'Ansible runner artifact dir', 'settings_file_sample': {'ansible-navigator': {'ansible-runner': {'artifact-dir': '<------'}}}, 'source': 'Not set', 'subcommands': ['builder', 'collections', 'config', 'doc', 'exec', 'images', 'inventory', 'lint', 'replay', 'run', 'settings', 'welcome'], 'version_added': 'v1.0'}, {'choices': [], 'cli_parameters': {'long': '--ansible-runner-rotate-artifacts-count', 'short': '--rac'}, 'current_settings_file': 'None', 'current_value': 'Not set', 'default': True, 'default_value': 'Not set', 'description': "Keep ansible-runner artifact directories, for last n runs, if set to 0 artifact directories won't be deleted", 'env_var': 'ANSIBLE_NAVIGATOR_ANSIBLE_RUNNER_ROTATE_ARTIFACTS_COUNT', 'name': 'Ansible runner rotate artifacts count', 'settings_file_sample': {'ansible-navigator': {'ansible-runner': {'rotate-artifacts-count': '<------'}}}, 'source': 'Not set', 'subcommands': ['builder', 'collections', 'config', 'doc', 'exec', 'images', 'inventory', 'lint', 'replay', 'run', 'settings', 'welcome'], 'version_added': 'v1.0'}, {'choices': [], 'cli_parameters': {'long': '--ansible-runner-timeout', 'short': '--rt'}, 'current_settings_file': 'None', 'current_value': 'Not set', 'default': True, 'default_value': 'Not set', 'description': 'The timeout value after which ansible-runner will forcefully stop the execution', 'env_var': 'ANSIBLE_NAVIGATOR_ANSIBLE_RUNNER_TIMEOUT', 'name': 'Ansible runner timeout', 'settings_file_sample': {'ansible-navigator': {'ansible-runner': {'timeout': '<------'}}}, 'source': 'Not set', 'subcommands': ['builder', 'collections', 'config', 'doc', 'exec', 'images', 'inventory', 'lint', 'replay', 'run', 'settings', 'welcome'], 'version_added': 'v1.0'}, {'choices': [True, False], 'cli_parameters': {'long': '--ansible-runner-write-job-events', 'short': '--rwje'}, 'current_settings_file': 'None', 'current_value': False, 'default': True, 'default_value': False, 'description': 'Write ansible-runner job_events in the artifact directory', 'env_var': 'ANSIBLE_NAVIGATOR_ANSIBLE_RUNNER_WRITE_JOB_EVENTS', 'name': 'Ansible runner write job events', 'settings_file_sample': {'ansible-navigator': {'ansible-runner': {'job-events': '<------'}}}, 'source': 'Defaults', 'subcommands': ['builder', 'collections', 'config', 'doc', 'exec', 'images', 'inventory', 'lint', 'replay', 'run', 'settings', 'welcome'], 'version_added': 'v2.3'}, {'choices': ['builder', 'collections', 'config', 'doc', 'exec', 'images', 'inventory', 'lint', 'replay', 'run', 'settings', 'welcome'], 'cli_parameters': {'long': 'No long CLI parameter', 'short': 'No short CLI parameter'}, 'current_settings_file': 'None', 'current_value': 'settings', 'default': False, 'default_value': 'welcome', 'description': 'Subcommands', 'env_var': 'ANSIBLE_NAVIGATOR_APP', 'name': 'App', 'settings_file_sample': {'ansible-navigator': {'app': '<------'}}, 'source': 'Command line', 'subcommands': ['builder', 'collections', 'config', 'doc', 'exec', 'images', 'inventory', 'lint', 'replay', 'run', 'settings', 'welcome'], 'version_added': 'v1.0'}, {'choices': [], 'cli_parameters': {'long': 'No long CLI parameter', 'short': 'No short CLI parameter'}, 'current_settings_file': 'None', 'current_value': ['-effective'], 'default': False, 'default_value': 'Not set', 'description': 'Extra parameters passed to the corresponding command', 'env_var': 'ANSIBLE_NAVIGATOR_CMDLINE', 'name': 'Cmdline', 'settings_file_sample': {'ansible-navigator': {'ansible': {'cmdline': '<------'}}}, 'source': 'Command line', 'subcommands': ['builder', 'collections', 'config', 'doc', 'exec', 'images', 'inventory', 'lint', 'replay', 'run', 'settings', 'welcome'], 'version_added': 'v1.0'}, {'choices': [], 'cli_parameters': {'long': '--collection-doc-cache-path', 'short': '--cdcp'}, 'current_settings_file': 'None', 'current_value': '/home/student/.cache/ansible-navigator/collection_doc_cache.db', 'default': True, 'default_value': '/home/student/.cache/ansible-navigator/collection_doc_cache.db', 'description': 'The path to collection doc cache', 'env_var': 'ANSIBLE_NAVIGATOR_COLLECTION_DOC_CACHE_PATH', 'name': 'Collection doc cache path', 'settings_file_sample': {'ansible-navigator': {'collection-doc-cache-path': '<------'}}, 'source': 'Defaults', 'subcommands': ['builder', 'collections', 'config', 'doc', 'exec', 'images', 'inventory', 'lint', 'replay', 'run', 'settings', 'welcome'], 'version_added': 'v1.0'}, {'choices': [], 'cli_parameters': {'long': '--config', 'short': '-c'}, 'current_settings_file': 'None', 'current_value': 'Not set', 'default': True, 'default_value': 'Not set', 'description': 'Specify the path to the ansible configuration file', 'env_var': 'ANSIBLE_CONFIG', 'name': 'Config', 'settings_file_sample': {'ansible-navigator': {'ansible': {'config': {'path': '<------'}}}}, 'source': 'Not set', 'subcommands': ['config'], 'version_added': 'v1.0'}, {'choices': ['auto', 'podman', 'docker'], 'cli_parameters': {'long': '--container-engine', 'short': '--ce'}, 'current_settings_file': 'None', 'current_value': 'podman', 'default': False, 'default_value': 'auto', 'description': 'Specify the container engine (auto=podman then docker)', 'env_var': 'ANSIBLE_NAVIGATOR_CONTAINER_ENGINE', 'name': 'Container engine', 'settings_file_sample': {'ansible-navigator': {'execution-environment': {'container-engine': '<------'}}}, 'source': 'Automatically determined', 'subcommands': ['builder', 'collections', 'config', 'doc', 'exec', 'images', 'inventory', 'lint', 'replay', 'run', 'settings', 'welcome'], 'version_added': 'v1.0'}, {'choices': [], 'cli_parameters': {'long': '--container-options', 'short': '--co'}, 'current_settings_file': 'None', 'current_value': 'Not set', 'default': True, 'default_value': 'Not set', 'description': 'Extra parameters passed to the container engine command', 'env_var': 'ANSIBLE_NAVIGATOR_CONTAINER_OPTIONS', 'name': 'Container options', 'settings_file_sample': {'ansible-navigator': {'execution-environment': {'container-options': '<------'}}}, 'source': 'Not set', 'subcommands': ['builder', 'collections', 'config', 'doc', 'exec', 'images', 'inventory', 'lint', 'replay', 'run', 'settings', 'welcome'], 'version_added': 'v2.0'}, {'choices': [], 'cli_parameters': {'long': 'No long CLI parameter', 'short': 'No short CLI parameter'}, 'current_settings_file': 'None', 'current_value': 'None', 'default': True, 'default_value': 'None', 'description': 'The path to the current settings file. Possible locations are {CWD}/ansible-navigator.{ext} or {HOME}/.ansible-navigator.{ext} where ext is yml, yaml or json.', 'env_var': 'ANSIBLE-NAVIGATOR_CONFIG', 'name': 'Current settings file', 'settings_file_sample': 'Not applicable', 'source': 'None', 'subcommands': ['builder', 'collections', 'config', 'doc', 'exec', 'images', 'inventory', 'lint', 'replay', 'run', 'settings', 'welcome'], 'version_added': 'v1.0'}, {'choices': [True, False], 'cli_parameters': {'long': '--display-color', 'short': '--dc'}, 'current_settings_file': 'None', 'current_value': True, 'default': True, 'default_value': True, 'description': 'Enable the use of color for mode interactive and stdout', 'env_var': 'NO_COLOR', 'name': 'Display color', 'settings_file_sample': {'ansible-navigator': {'color': {'enable': '<------'}}}, 'source': 'Defaults', 'subcommands': ['builder', 'collections', 'config', 'doc', 'exec', 'images', 'inventory', 'lint', 'replay', 'run', 'settings', 'welcome'], 'version_added': 'v1.0'}, {'choices': [], 'cli_parameters': {'long': '--editor-command', 'short': '--ecmd'}, 'current_settings_file': 'None', 'current_value': 'vi +{line_number} {filename}', 'default': True, 'default_value': 'vi +{line_number} {filename}', 'description': 'Specify the editor command', 'env_var': 'ANSIBLE_NAVIGATOR_EDITOR_COMMAND', 'name': 'Editor command', 'settings_file_sample': {'ansible-navigator': {'editor': {'command': '<------'}}}, 'source': 'Defaults', 'subcommands': ['builder', 'collections', 'config', 'doc', 'exec', 'images', 'inventory', 'lint', 'replay', 'run', 'settings', 'welcome'], 'version_added': 'v1.0'}, {'choices': [True, False], 'cli_parameters': {'long': '--editor-console', 'short': '--econ'}, 'current_settings_file': 'None', 'current_value': True, 'default': True, 'default_value': True, 'description': 'Specify if the editor is console based', 'env_var': 'ANSIBLE_NAVIGATOR_EDITOR_CONSOLE', 'name': 'Editor console', 'settings_file_sample': {'ansible-navigator': {'editor': {'console': '<------'}}}, 'source': 'Defaults', 'subcommands': ['builder', 'collections', 'config', 'doc', 'exec', 'images', 'inventory', 'lint', 'replay', 'run', 'settings', 'welcome'], 'version_added': 'v1.0'}, {'choices': [True, False], 'cli_parameters': {'long': '--enable-prompts', 'short': '--ep'}, 'current_settings_file': 'None', 'current_value': False, 'default': True, 'default_value': False, 'description': 'Enable prompts for password and in playbooks. This will set mode to stdout and disable playbook artifact creation', 'env_var': 'ANSIBLE_NAVIGATOR_ENABLE_PROMPTS', 'name': 'Enable prompts', 'settings_file_sample': {'ansible-navigator': {'enable-prompts': '<------'}}, 'source': 'Defaults', 'subcommands': ['run'], 'version_added': 'v2.3'}, {'choices': [], 'cli_parameters': {'long': '--exec-command', 'short': 'No short CLI parameter'}, 'current_settings_file': 'None', 'current_value': '/bin/bash', 'default': True, 'default_value': '/bin/bash', 'description': 'Specify the command to run within the execution environment', 'env_var': 'ANSIBLE_NAVIGATOR_EXEC_COMMAND', 'name': 'Exec command', 'settings_file_sample': {'ansible-navigator': {'exec': {'command': '<------'}}}, 'source': 'Defaults', 'subcommands': ['exec'], 'version_added': 'v2.0'}, {'choices': [True, False], 'cli_parameters': {'long': '--exec-shell', 'short': '--exshell'}, 'current_settings_file': 'None', 'current_value': True, 'default': True, 'default_value': True, 'description': 'Specify the exec command should be run in a shell', 'env_var': 'ANSIBLE_NAVIGATOR_EXEC_SHELL', 'name': 'Exec shell', 'settings_file_sample': {'ansible-navigator': {'exec': {'shell': '<------'}}}, 'source': 'Defaults', 'subcommands': ['exec'], 'version_added': 'v2.0'}, {'choices': [True, False], 'cli_parameters': {'long': '--execution-environment', 'short': '--ee'}, 'current_settings_file': 'None', 'current_value': True, 'default': True, 'default_value': True, 'description': 'Enable or disable the use of an execution environment', 'env_var': 'ANSIBLE_NAVIGATOR_EXECUTION_ENVIRONMENT', 'name': 'Execution environment', 'settings_file_sample': {'ansible-navigator': {'execution-environment': {'enabled': '<------'}}}, 'source': 'Defaults', 'subcommands': ['builder', 'collections', 'config', 'doc', 'exec', 'images', 'inventory', 'lint', 'replay', 'run', 'settings', 'welcome'], 'version_added': 'v1.0'}, {'choices': [], 'cli_parameters': {'long': '--execution-environment-image', 'short': '--eei'}, 'current_settings_file': 'None', 'current_value': 'ghcr.io/ansible/creator-ee:v0.21.0', 'default': True, 'default_value': 'ghcr.io/ansible/creator-ee:v0.21.0', 'description': 'Specify the name of the execution environment image', 'env_var': 'ANSIBLE_NAVIGATOR_EXECUTION_ENVIRONMENT_IMAGE', 'name': 'Execution environment image', 'settings_file_sample': {'ansible-navigator': {'execution-environment': {'image': '<------'}}}, 'source': 'Defaults', 'subcommands': ['builder', 'collections', 'config', 'doc', 'exec', 'images', 'inventory', 'lint', 'replay', 'run', 'settings', 'welcome'], 'version_added': 'v1.0'}, {'choices': [], 'cli_parameters': {'long': '--execution-environment-volume-mounts', 'short': '--eev'}, 'current_settings_file': 'None', 'current_value': 'Not set', 'default': True, 'default_value': 'Not set', 'description': 'Specify volume to be bind mounted within an execution environment (--eev /home/user/test:/home/user/test:Z)', 'env_var': 'ANSIBLE_NAVIGATOR_EXECUTION_ENVIRONMENT_VOLUME_MOUNTS', 'name': 'Execution environment volume mounts', 'settings_file_sample': {'ansible-navigator': {'execution-environment': {'volume-mounts': '<------'}}}, 'source': 'Not set', 'subcommands': ['builder', 'collections', 'config', 'doc', 'exec', 'images', 'inventory', 'lint', 'replay', 'run', 'settings', 'welcome'], 'version_added': 'v1.0'}, {'choices': ['json', 'yaml'], 'cli_parameters': {'long': '--format', 'short': '--fmt'}, 'current_settings_file': 'None', 'current_value': 'yaml', 'default': True, 'default_value': 'yaml', 'description': 'Specify the format for stdout output.', 'env_var': 'ANSIBLE_NAVIGATOR_FORMAT', 'name': 'Format', 'settings_file_sample': {'ansible-navigator': {'format': '<------'}}, 'source': 'Defaults', 'subcommands': ['collections', 'images'], 'version_added': 'v2.3'}, {'choices': [True, False], 'cli_parameters': {'long': '--help-builder', 'short': '--hb'}, 'current_settings_file': 'None', 'current_value': False, 'default': True, 'default_value': False, 'description': 'Help options for ansible-builder command in stdout mode', 'env_var': 'ANSIBLE_NAVIGATOR_HELP_BUILDER', 'name': 'Help builder', 'settings_file_sample': {'ansible-navigator': {'ansible-builder': {'help': '<------'}}}, 'source': 'Defaults', 'subcommands': ['builder'], 'version_added': 'v2.0'}, {'choices': [True, False], 'cli_parameters': {'long': '--help-config', 'short': '--hc'}, 'current_settings_file': 'None', 'current_value': False, 'default': True, 'default_value': False, 'description': 'Help options for ansible-config command in stdout mode', 'env_var': 'ANSIBLE_NAVIGATOR_HELP_CONFIG', 'name': 'Help config', 'settings_file_sample': {'ansible-navigator': {'ansible': {'config': {'help': '<------'}}}}, 'source': 'Defaults', 'subcommands': ['config'], 'version_added': 'v1.0'}, {'choices': [True, False], 'cli_parameters': {'long': '--help-doc', 'short': '--hd'}, 'current_settings_file': 'None', 'current_value': False, 'default': True, 'default_value': False, 'description': 'Help options for ansible-doc command in stdout mode', 'env_var': 'ANSIBLE_NAVIGATOR_HELP_DOC', 'name': 'Help doc', 'settings_file_sample': {'ansible-navigator': {'ansible': {'doc': {'help': '<------'}}}}, 'source': 'Defaults', 'subcommands': ['doc'], 'version_added': 'v1.0'}, {'choices': [True, False], 'cli_parameters': {'long': '--help-inventory', 'short': '--hi'}, 'current_settings_file': 'None', 'current_value': False, 'default': True, 'default_value': False, 'description': 'Help options for ansible-inventory command in stdout mode', 'env_var': 'ANSIBLE_NAVIGATOR_HELP_INVENTORY', 'name': 'Help inventory', 'settings_file_sample': {'ansible-navigator': {'ansible': {'inventory': {'help': '<------'}}}}, 'source': 'Defaults', 'subcommands': ['inventory'], 'version_added': 'v1.0'}, {'choices': [True, False], 'cli_parameters': {'long': '--help-playbook', 'short': '--hp'}, 'current_settings_file': 'None', 'current_value': False, 'default': True, 'default_value': False, 'description': 'Help options for ansible-playbook command in stdout mode', 'env_var': 'ANSIBLE_NAVIGATOR_HELP_PLAYBOOK', 'name': 'Help playbook', 'settings_file_sample': {'ansible-navigator': {'ansible': {'playbook': {'help': '<------'}}}}, 'source': 'Defaults', 'subcommands': ['run'], 'version_added': 'v1.0'}, {'choices': ['ansible_collections', 'ansible_version', 'everything', 'os_release', 'python_packages', 'python_version', 'redhat_release', 'system_packages'], 'cli_parameters': {'long': '--details', 'short': '-d'}, 'current_settings_file': 'None', 'current_value': ['everything'], 'default': True, 'default_value': ['everything'], 'description': 'Provide detailed information about the selected execution environment image', 'env_var': 'ANSIBLE_NAVIGATOR_IMAGES_DETAILS', 'name': 'Images details', 'settings_file_sample': {'ansible-navigator': {'images': {'details': '<------'}}}, 'source': 'Defaults', 'subcommands': ['images'], 'version_added': 'v2.0'}, {'choices': [], 'cli_parameters': {'long': '--inventory', 'short': '-i'}, 'current_settings_file': 'None', 'current_value': ['/home/student/ansible_examples/ansible_variables_fromFiles/inventory'], 'default': False, 'default_value': 'Not set', 'description': 'Specify an inventory file path or comma separated host list', 'env_var': 'ANSIBLE_INVENTORY', 'name': 'Inventory', 'settings_file_sample': {'ansible-navigator': {'ansible': {'inventory': {'entries': '<------'}}}}, 'source': 'Ansible configuration file', 'subcommands': ['inventory', 'run'], 'version_added': 'v1.0'}, {'choices': [], 'cli_parameters': {'long': '--inventory-column', 'short': '--ic'}, 'current_settings_file': 'None', 'current_value': 'Not set', 'default': True, 'default_value': 'Not set', 'description': 'Specify a host attribute to show in the inventory view', 'env_var': 'ANSIBLE_NAVIGATOR_INVENTORY_COLUMNS', 'name': 'Inventory column', 'settings_file_sample': {'ansible-navigator': {'inventory-columns': '<------'}}, 'source': 'Not set', 'subcommands': ['inventory', 'run'], 'version_added': 'v1.0'}, {'choices': [], 'cli_parameters': {'long': '--lint-config', 'short': '--lic'}, 'current_settings_file': 'None', 'current_value': 'Not set', 'default': True, 'default_value': 'Not set', 'description': 'Specify the path to the ansible-lint configuration file', 'env_var': 'ANSIBLE_LINT_CONFIG', 'name': 'Lint config', 'settings_file_sample': {'ansible-navigator': {'ansible-lint': {'config': '<------'}}}, 'source': 'Not set', 'subcommands': ['lint'], 'version_added': 'v2.0'}, {'choices': [], 'cli_parameters': {'long': '--lintables', 'short': 'No short CLI parameter'}, 'current_settings_file': 'None', 'current_value': 'Not set', 'default': True, 'default_value': 'Not set', 'description': 'Path to files on which to run ansible-lint', 'env_var': 'ANSIBLE_NAVIGATOR_LINTABLES', 'name': 'Lintables', 'settings_file_sample': {'ansible-navigator': {'ansible-lint': {'lintables': '<------'}}}, 'source': 'Not set', 'subcommands': ['lint'], 'version_added': 'v2.0'}, {'choices': [True, False], 'cli_parameters': {'long': '--log-append', 'short': '--la'}, 'current_settings_file': 'None', 'current_value': True, 'default': True, 'default_value': True, 'description': 'Specify if log messages should be appended to an existing log file, otherwise a new log file will be created per session', 'env_var': 'ANSIBLE_NAVIGATOR_LOG_APPEND', 'name': 'Log append', 'settings_file_sample': {'ansible-navigator': {'logging': {'append': '<------'}}}, 'source': 'Defaults', 'subcommands': ['builder', 'collections', 'config', 'doc', 'exec', 'images', 'inventory', 'lint', 'replay', 'run', 'settings', 'welcome'], 'version_added': 'v1.0'}, {'choices': [], 'cli_parameters': {'long': '--log-file', 'short': '--lf'}, 'current_settings_file': 'None', 'current_value': '/home/student/ansible_examples/ansible_variables_fromFiles/ansible-navigator.log', 'default': True, 'default_value': '/home/student/ansible_examples/ansible_variables_fromFiles/ansible-navigator.log', 'description': 'Specify the full path for the ansible-navigator log file', 'env_var': 'ANSIBLE_NAVIGATOR_LOG_FILE', 'name': 'Log file', 'settings_file_sample': {'ansible-navigator': {'logging': {'file': '<------'}}}, 'source': 'Defaults', 'subcommands': ['builder', 'collections', 'config', 'doc', 'exec', 'images', 'inventory', 'lint', 'replay', 'run', 'settings', 'welcome'], 'version_added': 'v1.0'}, {'choices': ['debug', 'info', 'warning', 'error', 'critical'], 'cli_parameters': {'long': '--log-level', 'short': '--ll'}, 'current_settings_file': 'None', 'current_value': 'warning', 'default': True, 'default_value': 'warning', 'description': 'Specify the ansible-navigator log level', 'env_var': 'ANSIBLE_NAVIGATOR_LOG_LEVEL', 'name': 'Log level', 'settings_file_sample': {'ansible-navigator': {'logging': {'level': '<------'}}}, 'source': 'Defaults', 'subcommands': ['builder', 'collections', 'config', 'doc', 'exec', 'images', 'inventory', 'lint', 'replay', 'run', 'settings', 'welcome'], 'version_added': 'v1.0'}, {'choices': ['stdout', 'interactive'], 'cli_parameters': {'long': '--mode', 'short': '-m'}, 'current_settings_file': 'None', 'current_value': 'stdout', 'default': False, 'default_value': 'interactive', 'description': 'Specify the user-interface mode', 'env_var': 'ANSIBLE_NAVIGATOR_MODE', 'name': 'Mode', 'settings_file_sample': {'ansible-navigator': {'mode': '<------'}}, 'source': 'Command line', 'subcommands': ['builder', 'collections', 'config', 'doc', 'exec', 'images', 'inventory', 'lint', 'replay', 'run', 'settings', 'welcome'], 'version_added': 'v1.0'}, {'choices': [True, False], 'cli_parameters': {'long': '--osc4', 'short': '--osc4'}, 'current_settings_file': 'None', 'current_value': True, 'default': True, 'default_value': True, 'description': 'Enable or disable terminal color changing support with OSC 4', 'env_var': 'ANSIBLE_NAVIGATOR_OSC4', 'name': 'Osc4', 'settings_file_sample': {'ansible-navigator': {'color': {'osc4': '<------'}}}, 'source': 'Defaults', 'subcommands': ['builder', 'collections', 'config', 'doc', 'exec', 'images', 'inventory', 'lint', 'replay', 'run', 'settings', 'welcome'], 'version_added': 'v1.0'}, {'choices': [], 'cli_parameters': {'long': '--pass-environment-variable', 'short': '--penv'}, 'current_settings_file': 'None', 'current_value': 'Not set', 'default': True, 'default_value': 'Not set', 'description': 'Specify an existing environment variable to be passed through to and set within the execution environment (--penv MY_VAR)', 'env_var': 'ANSIBLE_NAVIGATOR_PASS_ENVIRONMENT_VARIABLES', 'name': 'Pass environment variable', 'settings_file_sample': {'ansible-navigator': {'execution-environment': {'environment-variables': {'pass': '<------'}}}}, 'source': 'Not set', 'subcommands': ['builder', 'collections', 'config', 'doc', 'exec', 'images', 'inventory', 'lint', 'replay', 'run', 'settings', 'welcome'], 'version_added': 'v1.0'}, {'choices': [], 'cli_parameters': {'long': '--playbook', 'short': 'No short CLI parameter'}, 'current_settings_file': 'None', 'current_value': 'Not set', 'default': True, 'default_value': 'Not set', 'description': 'Specify the playbook name', 'env_var': 'ANSIBLE_NAVIGATOR_PLAYBOOK', 'name': 'Playbook', 'settings_file_sample': {'ansible-navigator': {'ansible': {'playbook': {'path': '<------'}}}}, 'source': 'Not set', 'subcommands': ['run'], 'version_added': 'v1.0'}, {'choices': [True, False], 'cli_parameters': {'long': '--playbook-artifact-enable', 'short': '--pae'}, 'current_settings_file': 'None', 'current_value': True, 'default': True, 'default_value': True, 'description': "Enable or disable the creation of artifacts for completed playbooks. Note: not compatible with '--mode stdout' when playbooks require user input", 'env_var': 'ANSIBLE_NAVIGATOR_PLAYBOOK_ARTIFACT_ENABLE', 'name': 'Playbook artifact enable', 'settings_file_sample': {'ansible-navigator': {'playbook-artifact': {'enable': '<------'}}}, 'source': 'Defaults', 'subcommands': ['run'], 'version_added': 'v1.0'}, {'choices': [], 'cli_parameters': {'long': '--playbook-artifact-replay', 'short': 'No short CLI parameter'}, 'current_settings_file': 'None', 'current_value': 'Not set', 'default': True, 'default_value': 'Not set', 'description': 'Specify the path for the playbook artifact to replay', 'env_var': 'ANSIBLE_NAVIGATOR_PLAYBOOK_ARTIFACT_REPLAY', 'name': 'Playbook artifact replay', 'settings_file_sample': {'ansible-navigator': {'playbook-artifact': {'replay': '<------'}}}, 'source': 'Not set', 'subcommands': ['replay'], 'version_added': 'v1.0'}, {'choices': [], 'cli_parameters': {'long': '--playbook-artifact-save-as', 'short': '--pas'}, 'current_settings_file': 'None', 'current_value': '{playbook_dir}/artifacts/{playbook_name}-artifact-{time_stamp}.json', 'default': True, 'default_value': '{playbook_dir}/{playbook_name}-artifact-{time_stamp}.json', 'description': 'Specify the name for artifacts created from completed playbooks. The following placeholders are available: {playbook_dir}, {playbook_name}, {playbook_status}, and {time_stamp}', 'env_var': 'ANSIBLE_NAVIGATOR_PLAYBOOK_ARTIFACT_SAVE_AS', 'name': 'Playbook artifact save as', 'settings_file_sample': {'ansible-navigator': {'playbook-artifact': {'save-as': '<------'}}}, 'source': 'Defaults', 'subcommands': ['run'], 'version_added': 'v1.0'}, {'choices': [], 'cli_parameters': {'long': '--plugin-name', 'short': 'No short CLI parameter'}, 'current_settings_file': 'None', 'current_value': 'Not set', 'default': True, 'default_value': 'Not set', 'description': 'Specify the plugin name', 'env_var': 'ANSIBLE_NAVIGATOR_PLUGIN_NAME', 'name': 'Plugin name', 'settings_file_sample': {'ansible-navigator': {'ansible': {'doc': {'plugin': {'name': '<------'}}}}}, 'source': 'Not set', 'subcommands': ['doc'], 'version_added': 'v1.0'}, {'choices': ['become', 'cache', 'callback', 'cliconf', 'connection', 'filter', 'httpapi', 'inventory', 'keyword', 'lookup', 'module', 'netconf', 'role', 'shell', 'strategy', 'test', 'vars'], 'cli_parameters': {'long': '--type', 'short': '-t'}, 'current_settings_file': 'None', 'current_value': 'module', 'default': True, 'default_value': 'module', 'description': "Specify the plugin type, 'become', 'cache', 'callback', 'cliconf', 'connection', 'filter', 'httpapi', 'inventory', 'keyword', 'lookup', 'module', 'netconf', 'role', 'shell', 'strategy', 'test' or 'vars'", 'env_var': 'ANSIBLE_NAVIGATOR_PLUGIN_TYPE', 'name': 'Plugin type', 'settings_file_sample': {'ansible-navigator': {'ansible': {'doc': {'plugin': {'type': '<------'}}}}}, 'source': 'Defaults', 'subcommands': ['doc'], 'version_added': 'v1.0'}, {'choices': [], 'cli_parameters': {'long': '--pull-arguments', 'short': '--pa'}, 'current_settings_file': 'None', 'current_value': 'Not set', 'default': True, 'default_value': 'Not set', 'description': "Specify any additional parameters that should be added to the pull command when pulling an execution environment from a container registry. e.g. --pa='--tls-verify=false'", 'env_var': 'ANSIBLE_NAVIGATOR_PULL_ARGUMENTS', 'name': 'Pull arguments', 'settings_file_sample': {'ansible-navigator': {'execution-environment': {'pull': {'arguments': '<------'}}}}, 'source': 'Not set', 'subcommands': ['builder', 'collections', 'config', 'doc', 'exec', 'images', 'inventory', 'lint', 'replay', 'run', 'settings', 'welcome'], 'version_added': 'v2.0'}, {'choices': ['always', 'missing', 'never', 'tag'], 'cli_parameters': {'long': '--pull-policy', 'short': '--pp'}, 'current_settings_file': 'None', 'current_value': 'tag', 'default': True, 'default_value': 'tag', 'description': "Specify the image pull policy always:Always pull the image, missing:Pull if not locally available, never:Never pull the image, tag:if the image tag is 'latest', always pull the image, otherwise pull if not locally available", 'env_var': 'ANSIBLE_NAVIGATOR_PULL_POLICY', 'name': 'Pull policy', 'settings_file_sample': {'ansible-navigator': {'execution-environment': {'pull': {'policy': '<------'}}}}, 'source': 'Defaults', 'subcommands': ['builder', 'collections', 'config', 'doc', 'exec', 'images', 'inventory', 'lint', 'replay', 'run', 'settings', 'welcome'], 'version_added': 'v1.0'}, {'choices': [], 'cli_parameters': {'long': '--set-environment-variable', 'short': '--senv'}, 'current_settings_file': 'None', 'current_value': 'Not set', 'default': True, 'default_value': 'Not set', 'description': 'Specify an environment variable and a value to be set within the execution environment (--senv MY_VAR=42)', 'env_var': 'ANSIBLE_NAVIGATOR_SET_ENVIRONMENT_VARIABLES', 'name': 'Set environment variable', 'settings_file_sample': {'ansible-navigator': {'execution-environment': {'environment-variables': {'set': '<------'}}}}, 'source': 'Not set', 'subcommands': ['builder', 'collections', 'config', 'doc', 'exec', 'images', 'inventory', 'lint', 'replay', 'run', 'settings', 'welcome'], 'version_added': 'v1.0'}, {'choices': [], 'cli_parameters': {'long': '--effective', 'short': '--se'}, 'current_settings_file': 'None', 'current_value': False, 'default': True, 'default_value': False, 'description': 'Show the effective settings. Defaults, CLI parameters, environment variables, and the settings file will be combined', 'env_var': 'ANSIBLE_NAVIGATOR_SETTINGS_EFFECTIVE', 'name': 'Settings effective', 'settings_file_sample': {'ansible-navigator': {'settings': {'effective': '<------'}}}, 'source': 'Defaults', 'subcommands': ['settings'], 'version_added': 'v2.0'}, {'choices': [], 'cli_parameters': {'long': '--sample', 'short': '--gs'}, 'current_settings_file': 'None', 'current_value': False, 'default': True, 'default_value': False, 'description': 'Generate a sample settings file', 'env_var': 'ANSIBLE_NAVIGATOR_SETTINGS_SAMPLE', 'name': 'Settings sample', 'settings_file_sample': {'ansible-navigator': {'settings': {'sample': '<------'}}}, 'source': 'Defaults', 'subcommands': ['settings'], 'version_added': 'v2.0'}, {'choices': ['json'], 'cli_parameters': {'long': '--schema', 'short': '--ss'}, 'current_settings_file': 'None', 'current_value': 'json', 'default': True, 'default_value': 'json', 'description': "Generate a schema for the settings file ('json'= draft-07 JSON Schema)", 'env_var': 'ANSIBLE_NAVIGATOR_SETTINGS_SCHEMA', 'name': 'Settings schema', 'settings_file_sample': {'ansible-navigator': {'settings': {'schema': '<------'}}}, 'source': 'Defaults', 'subcommands': ['settings'], 'version_added': 'v2.0'}, {'choices': [], 'cli_parameters': {'long': '--sources', 'short': '--so'}, 'current_settings_file': 'None', 'current_value': False, 'default': True, 'default_value': False, 'description': 'Show the source of each current settings entry', 'env_var': 'ANSIBLE_NAVIGATOR_SETTINGS_SOURCES', 'name': 'Settings sources', 'settings_file_sample': {'ansible-navigator': {'settings': {'sources': '<------'}}}, 'source': 'Defaults', 'subcommands': ['settings'], 'version_added': 'v2.0'}, {'choices': [], 'cli_parameters': {'long': '--time-zone', 'short': '--tz'}, 'current_settings_file': 'None', 'current_value': 'UTC', 'default': True, 'default_value': 'UTC', 'description': "Specify the IANA time zone to use or 'local' to use the system time zone", 'env_var': 'TZ', 'name': 'Time zone', 'settings_file_sample': {'ansible-navigator': {'time-zone': '<------'}}, 'source': 'Defaults', 'subcommands': ['builder', 'collections', 'config', 'doc', 'exec', 'images', 'inventory', 'lint', 'replay', 'run', 'settings', 'welcome'], 'version_added': 'v2.0'}, {'choices': [], 'cli_parameters': {'long': '--workdir', 'short': '--bwd'}, 'current_settings_file': 'None', 'current_value': '/home/student/ansible_examples/ansible_variables_fromFiles', 'default': True, 'default_value': '/home/student/ansible_examples/ansible_variables_fromFiles', 'description': 'Specify the path that contains ansible-builder manifest files', 'env_var': 'ANSIBLE_NAVIGATOR_WORKDIR', 'name': 'Workdir', 'settings_file_sample': {'ansible-navigator': {'ansible-builder': {'workdir': '<------'}}}, 'source': 'Defaults', 'subcommands': ['builder'], 'version_added': 'v2.0'}] is not of type 'object'.
2024-02-02T09:19:18.095499+00:00 INFO 'ansible_navigator.main' Check the settings file and compare it to the current version.
2024-02-02T09:19:18.095524+00:00 INFO 'ansible_navigator.main' The current version can be found here: (https://ansible-navigator.readthedocs.io/en/latest/settings/#ansible-navigator-settings)
2024-02-02T09:19:18.095544+00:00 INFO 'ansible_navigator.main' The schema used for validation can be seen with 'ansible-navigator settings --schema'
2024-02-02T09:19:18.095564+00:00 INFO 'ansible_navigator.main' A sample settings file can be created with 'ansible-navigator settings --sample'
2024-02-02T09:19:18.095583+00:00 INFO 'ansible_navigator.main' Configuration failed, using default log file location. (/home/student/ansible_examples/ansible_variables_fromFiles/ansible-navigator.log) Log level set to debug
2024-02-02T09:19:18.095602+00:00 INFO 'ansible_navigator.main' Review the hints and log file to see what went wrong.
